<?xml version="1.0" encoding="UTF-8" ?>
<testsuite failures="0" time="0.063" errors="0" skipped="0" tests="1" name="com.ideasense.itr.protocol.AppTest">
  <properties>
    <property name="java.runtime.name" value="Java(TM) SE Runtime Environment"/>
    <property name="sun.boot.library.path" value="M:\jre1.6.0\bin"/>
    <property name="java.vm.version" value="1.6.0-b105"/>
    <property name="java.vm.vendor" value="Sun Microsystems Inc."/>
    <property name="java.vendor.url" value="http://java.sun.com/"/>
    <property name="path.separator" value=";"/>
    <property name="java.vm.name" value="Java HotSpot(TM) Client VM"/>
    <property name="file.encoding.pkg" value="sun.io"/>
    <property name="user.country" value="US"/>
    <property name="sun.java.launcher" value="SUN_STANDARD"/>
    <property name="sun.os.patch.level" value="Service Pack 2"/>
    <property name="java.vm.specification.name" value="Java Virtual Machine Specification"/>
    <property name="user.dir" value="M:\JavaProjects\opensource-initiative\ITR_Interactive_Text_Response\itr-protocol"/>
    <property name="java.runtime.version" value="1.6.0-b105"/>
    <property name="java.awt.graphicsenv" value="sun.awt.Win32GraphicsEnvironment"/>
    <property name="basedir" value="M:\JavaProjects\opensource-initiative\ITR_Interactive_Text_Response\itr-protocol"/>
    <property name="java.endorsed.dirs" value="M:\jre1.6.0\lib\endorsed"/>
    <property name="os.arch" value="x86"/>
    <property name="java.io.tmpdir" value="C:\DOCUME~1\I_AM_W~1\LOCALS~1\Temp\"/>
    <property name="line.separator" value="
"/>
    <property name="java.vm.specification.vendor" value="Sun Microsystems Inc."/>
    <property name="user.variant" value=""/>
    <property name="os.name" value="Windows XP"/>
    <property name="sun.jnu.encoding" value="Cp1252"/>
    <property name="java.library.path" value="C:\WINDOWS\system32;.;C:\WINDOWS\Sun\Java\bin;C:\WINDOWS\system32;C:\WINDOWS;m:\ruby\bin;m:\Oracle\Ora81\bin;m:\Oracle\jre\1.1.7\bin;C:\Program Files\Oracle\jre\1.1.7\bin;d:\ruby\bin;C:\WINDOWS\system32;C:\WINDOWS;C:\WINDOWS\System32\Wbem;F:\Program Files\MySQL\MySQL Server 4.1\bin;M:\jdk1.6.0\bin\;G:\J_project_from_linux\bin;C:\Program Files\Microsoft SQL Server\80\Tools\BINN;C:\Program Files\Microsoft SQL Server\90\Tools\binn\;G:\Hasan&apos;s Data\java\java\Tools\GCJ_MingW\thisiscool-gcc\gcc-3.4\bin;M:\Collection\Software\JavaTools\yjp-5.5\yjp-5.5\bin\win32;D:\apache2triad\perl\bin\;M:\Collection\Software\JavaTools\apache-ant-1.6.5-bin\apache-ant-1.6.5\bin;M:\Java_Installed\maven-2.0.4\bin;M:\cygwin\;M:\Program Files\MySQL\MySQL Server 5.0\bin;M:\Program Files\svn-win32-1.4.3\bin;M:\JavaProjects\RnD\javaFX\bin\;C:\Program Files\CVSNT\;C:\Program Files\QuickTime\QTSystem\;C:\Program Files\CVSNT\"/>
    <property name="java.specification.name" value="Java Platform API Specification"/>
    <property name="java.class.version" value="50.0"/>
    <property name="sun.management.compiler" value="HotSpot Client Compiler"/>
    <property name="os.version" value="5.1"/>
    <property name="user.home" value="C:\Documents and Settings\i_am_working_on_java"/>
    <property name="user.timezone" value=""/>
    <property name="java.awt.printerjob" value="sun.awt.windows.WPrinterJob"/>
    <property name="file.encoding" value="Cp1252"/>
    <property name="java.specification.version" value="1.6"/>
    <property name="user.name" value="i_am_working_on_java"/>
    <property name="java.class.path" value="M:\maven_repository\org\apache\maven\surefire\surefire-api\2.0\surefire-api-2.0.jar;M:\maven_repository\org\codehaus\plexus\plexus-utils\1.1\plexus-utils-1.1.jar;M:\maven_repository\org\apache\maven\surefire\surefire-booter\2.0\surefire-booter-2.0.jar"/>
    <property name="java.vm.specification.version" value="1.0"/>
    <property name="sun.arch.data.model" value="32"/>
    <property name="java.home" value="M:\jre1.6.0"/>
    <property name="java.specification.vendor" value="Sun Microsystems Inc."/>
    <property name="user.language" value="en"/>
    <property name="awt.toolkit" value="sun.awt.windows.WToolkit"/>
    <property name="java.vm.info" value="mixed mode"/>
    <property name="java.version" value="1.6.0"/>
    <property name="java.ext.dirs" value="M:\jre1.6.0\lib\ext;C:\WINDOWS\Sun\Java\lib\ext"/>
    <property name="sun.boot.class.path" value="M:\jre1.6.0\lib\resources.jar;M:\jre1.6.0\lib\rt.jar;M:\jre1.6.0\lib\sunrsasign.jar;M:\jre1.6.0\lib\jsse.jar;M:\jre1.6.0\lib\jce.jar;M:\jre1.6.0\lib\charsets.jar;M:\jre1.6.0\classes"/>
    <property name="java.vendor" value="Sun Microsystems Inc."/>
    <property name="localRepository" value="M:/maven_repository"/>
    <property name="file.separator" value="\"/>
    <property name="java.vendor.url.bug" value="http://java.sun.com/cgi-bin/bugreport.cgi"/>
    <property name="sun.cpu.endian" value="little"/>
    <property name="sun.io.unicode.encoding" value="UnicodeLittle"/>
    <property name="sun.desktop" value="windows"/>
    <property name="sun.cpu.isalist" value=""/>
  </properties>
  <testcase time="0" name="testApp"/>
</testsuite>